[2017-11-08 11:44:40] request.INFO: Matched route "admin_module_catalog". {"route_parameters":{"_controller":"PrestaShopBundle\\Controller\\Admin\\ModuleController::catalogAction","_legacy_controller":"AdminModules","_route":"admin_module_catalog"},"request_uri":"http://localhost/prestashop/console/index.php/module/catalog?_token=W9rC1SOucmJlwMdgp9LM-qjgHuePrdO4Qu9ys_ujxB0"} []
[2017-11-08 11:44:40] security.INFO: Populated the TokenStorage with an anonymous Token. [] []
[2017-11-08 11:44:45] app.ERROR: Data from PrestaShop Addons is invalid, and cannot fallback on cache.  {"exception":"cURL error 28: Operation timed out after 0 milliseconds with 0 out of 0 bytes received"} []
[2017-11-08 11:44:46] security.DEBUG: Stored the security token in the session. {"key":"_security_main"} []
[2017-11-08 11:44:46] request.INFO: Matched route "admin_module_catalog_refresh". {"route_parameters":{"category":null,"keyword":null,"_controller":"PrestaShopBundle\\Controller\\Admin\\ModuleController::refreshCatalogAction","_legacy_controller":"AdminModules","_route":"admin_module_catalog_refresh"},"request_uri":"http://localhost/prestashop/console/index.php/module/catalog/refresh?_token=W9rC1SOucmJlwMdgp9LM-qjgHuePrdO4Qu9ys_ujxB0"} []
[2017-11-08 11:44:46] security.DEBUG: Read existing security token from the session. {"key":"_security_main"} []
[2017-11-08 11:44:46] security.DEBUG: User was reloaded from a user provider. {"username":"martacoeesi@gmail.com","provider":"PrestaShopBundle\\Security\\Admin\\EmployeeProvider"} []
[2017-11-08 11:44:51] app.ERROR: Data from PrestaShop Addons is invalid, and cannot fallback on cache.  {"exception":"cURL error 28: Operation timed out after 0 milliseconds with 0 out of 0 bytes received"} []
[2017-11-08 11:44:57] security.DEBUG: Stored the security token in the session. {"key":"_security_main"} []
[2017-11-08 11:44:50] request.INFO: Matched route "admin_module_manage". {"route_parameters":{"category":null,"keyword":null,"_controller":"PrestaShopBundle\\Controller\\Admin\\ModuleController::manageAction","_legacy_controller":"AdminModules","_route":"admin_module_manage"},"request_uri":"http://localhost/prestashop/console/index.php/module/manage?_token=W9rC1SOucmJlwMdgp9LM-qjgHuePrdO4Qu9ys_ujxB0"} []
[2017-11-08 11:44:57] security.DEBUG: Read existing security token from the session. {"key":"_security_main"} []
[2017-11-08 11:44:57] security.DEBUG: User was reloaded from a user provider. {"username":"martacoeesi@gmail.com","provider":"PrestaShopBundle\\Security\\Admin\\EmployeeProvider"} []
[2017-11-08 11:45:02] app.ERROR: Data from PrestaShop Addons is invalid, and cannot fallback on cache.  {"exception":"cURL error 28: Connection timed out after 5000 milliseconds"} []
[2017-11-08 11:46:34] request.INFO: Matched route "admin_module_catalog". {"route_parameters":{"_controller":"PrestaShopBundle\\Controller\\Admin\\ModuleController::catalogAction","_legacy_controller":"AdminModules","_route":"admin_module_catalog"},"request_uri":"http://localhost/prestashop/console/index.php/module/catalog?_token=W9rC1SOucmJlwMdgp9LM-qjgHuePrdO4Qu9ys_ujxB0"} []
[2017-11-08 11:46:34] security.DEBUG: Read existing security token from the session. {"key":"_security_main"} []
[2017-11-08 11:46:34] security.DEBUG: User was reloaded from a user provider. {"username":"martacoeesi@gmail.com","provider":"PrestaShopBundle\\Security\\Admin\\EmployeeProvider"} []
[2017-11-08 11:46:40] app.ERROR: Data from PrestaShop Addons is invalid, and cannot fallback on cache.  {"exception":"cURL error 28: Resolving timed out after 5515 milliseconds"} []
[2017-11-08 11:46:40] security.DEBUG: Stored the security token in the session. {"key":"_security_main"} []
[2017-11-08 11:46:37] request.INFO: Matched route "admin_module_catalog". {"route_parameters":{"_controller":"PrestaShopBundle\\Controller\\Admin\\ModuleController::catalogAction","_legacy_controller":"AdminModules","_route":"admin_module_catalog"},"request_uri":"http://localhost/prestashop/console/index.php/module/catalog?_token=W9rC1SOucmJlwMdgp9LM-qjgHuePrdO4Qu9ys_ujxB0"} []
[2017-11-08 11:46:40] security.DEBUG: Read existing security token from the session. {"key":"_security_main"} []
[2017-11-08 11:46:40] security.DEBUG: User was reloaded from a user provider. {"username":"martacoeesi@gmail.com","provider":"PrestaShopBundle\\Security\\Admin\\EmployeeProvider"} []
[2017-11-08 11:46:45] app.ERROR: Data from PrestaShop Addons is invalid, and cannot fallback on cache.  {"exception":"cURL error 28: Resolving timed out after 5514 milliseconds"} []
[2017-11-08 11:46:45] security.DEBUG: Stored the security token in the session. {"key":"_security_main"} []
[2017-11-08 11:46:42] request.INFO: Matched route "admin_module_catalog". {"route_parameters":{"_controller":"PrestaShopBundle\\Controller\\Admin\\ModuleController::catalogAction","_legacy_controller":"AdminModules","_route":"admin_module_catalog"},"request_uri":"http://localhost/prestashop/console/index.php/module/catalog?_token=W9rC1SOucmJlwMdgp9LM-qjgHuePrdO4Qu9ys_ujxB0"} []
[2017-11-08 11:46:45] security.DEBUG: Read existing security token from the session. {"key":"_security_main"} []
[2017-11-08 11:46:45] security.DEBUG: User was reloaded from a user provider. {"username":"martacoeesi@gmail.com","provider":"PrestaShopBundle\\Security\\Admin\\EmployeeProvider"} []
[2017-11-08 11:46:51] app.ERROR: Data from PrestaShop Addons is invalid, and cannot fallback on cache.  {"exception":"cURL error 28: Resolving timed out after 5514 milliseconds"} []
[2017-11-08 11:46:51] security.DEBUG: Stored the security token in the session. {"key":"_security_main"} []
[2017-11-08 11:46:52] request.INFO: Matched route "admin_module_catalog_refresh". {"route_parameters":{"category":null,"keyword":null,"_controller":"PrestaShopBundle\\Controller\\Admin\\ModuleController::refreshCatalogAction","_legacy_controller":"AdminModules","_route":"admin_module_catalog_refresh"},"request_uri":"http://localhost/prestashop/console/index.php/module/catalog/refresh?_token=W9rC1SOucmJlwMdgp9LM-qjgHuePrdO4Qu9ys_ujxB0"} []
[2017-11-08 11:46:52] security.DEBUG: Read existing security token from the session. {"key":"_security_main"} []
[2017-11-08 11:46:52] security.DEBUG: User was reloaded from a user provider. {"username":"martacoeesi@gmail.com","provider":"PrestaShopBundle\\Security\\Admin\\EmployeeProvider"} []
[2017-11-08 11:46:57] app.ERROR: Data from PrestaShop Addons is invalid, and cannot fallback on cache.  {"exception":"cURL error 28: Resolving timed out after 5514 milliseconds"} []
[2017-11-08 11:47:03] security.DEBUG: Stored the security token in the session. {"key":"_security_main"} []
[2017-11-08 11:46:56] request.INFO: Matched route "admin_module_manage". {"route_parameters":{"category":null,"keyword":null,"_controller":"PrestaShopBundle\\Controller\\Admin\\ModuleController::manageAction","_legacy_controller":"AdminModules","_route":"admin_module_manage"},"request_uri":"http://localhost/prestashop/console/index.php/module/manage?_token=W9rC1SOucmJlwMdgp9LM-qjgHuePrdO4Qu9ys_ujxB0"} []
[2017-11-08 11:47:03] security.DEBUG: Read existing security token from the session. {"key":"_security_main"} []
[2017-11-08 11:47:03] security.DEBUG: User was reloaded from a user provider. {"username":"martacoeesi@gmail.com","provider":"PrestaShopBundle\\Security\\Admin\\EmployeeProvider"} []
[2017-11-08 11:47:08] app.ERROR: Data from PrestaShop Addons is invalid, and cannot fallback on cache.  {"exception":"cURL error 28: Operation timed out after 0 milliseconds with 0 out of 0 bytes received"} []
[2017-11-08 11:47:12] request.INFO: Matched route "admin_module_manage". {"route_parameters":{"category":null,"keyword":null,"_controller":"PrestaShopBundle\\Controller\\Admin\\ModuleController::manageAction","_legacy_controller":"AdminModules","_route":"admin_module_manage"},"request_uri":"http://localhost/prestashop/console/index.php/module/manage?_token=W9rC1SOucmJlwMdgp9LM-qjgHuePrdO4Qu9ys_ujxB0"} []
[2017-11-08 11:47:13] security.DEBUG: Read existing security token from the session. {"key":"_security_main"} []
[2017-11-08 11:47:13] security.DEBUG: User was reloaded from a user provider. {"username":"martacoeesi@gmail.com","provider":"PrestaShopBundle\\Security\\Admin\\EmployeeProvider"} []
[2017-11-08 11:47:18] app.ERROR: Data from PrestaShop Addons is invalid, and cannot fallback on cache.  {"exception":"cURL error 28: Connection timed out after 5001 milliseconds"} []
[2017-11-08 11:47:12] request.INFO: Matched route "admin_module_manage". {"route_parameters":{"category":null,"keyword":null,"_controller":"PrestaShopBundle\\Controller\\Admin\\ModuleController::manageAction","_legacy_controller":"AdminModules","_route":"admin_module_manage"},"request_uri":"http://localhost/prestashop/console/index.php/module/manage?_token=W9rC1SOucmJlwMdgp9LM-qjgHuePrdO4Qu9ys_ujxB0"} []
[2017-11-08 11:47:23] security.DEBUG: Read existing security token from the session. {"key":"_security_main"} []
[2017-11-08 11:47:23] security.DEBUG: User was reloaded from a user provider. {"username":"martacoeesi@gmail.com","provider":"PrestaShopBundle\\Security\\Admin\\EmployeeProvider"} []
[2017-11-08 11:47:28] app.ERROR: Data from PrestaShop Addons is invalid, and cannot fallback on cache.  {"exception":"cURL error 28: Connection timed out after 5000 milliseconds"} []
[2017-11-08 11:47:32] security.DEBUG: Stored the security token in the session. {"key":"_security_main"} []
[2017-11-08 11:47:01] request.INFO: Matched route "admin_module_manage". {"route_parameters":{"category":null,"keyword":null,"_controller":"PrestaShopBundle\\Controller\\Admin\\ModuleController::manageAction","_legacy_controller":"AdminModules","_route":"admin_module_manage"},"request_uri":"http://localhost/prestashop/console/index.php/module/manage?_token=W9rC1SOucmJlwMdgp9LM-qjgHuePrdO4Qu9ys_ujxB0"} []
[2017-11-08 11:47:32] security.DEBUG: Read existing security token from the session. {"key":"_security_main"} []
[2017-11-08 11:47:32] security.DEBUG: User was reloaded from a user provider. {"username":"martacoeesi@gmail.com","provider":"PrestaShopBundle\\Security\\Admin\\EmployeeProvider"} []
[2017-11-08 11:47:38] app.ERROR: Data from PrestaShop Addons is invalid, and cannot fallback on cache.  {"exception":"cURL error 28: Resolving timed out after 5515 milliseconds"} []
[2017-11-08 11:47:38] security.DEBUG: Stored the security token in the session. {"key":"_security_main"} []
[2017-11-08 11:47:56] request.INFO: Matched route "admin_module_configure_action". {"route_parameters":{"_controller":"PrestaShopBundle\\Controller\\Admin\\ModuleController::configureModuleAction","_legacy_controller":"AdminModules","module_name":"ps_mainmenu","_route":"admin_module_configure_action"},"request_uri":"http://localhost/prestashop/console/index.php/module/manage/action/configure/ps_mainmenu?_token=W9rC1SOucmJlwMdgp9LM-qjgHuePrdO4Qu9ys_ujxB0"} []
[2017-11-08 11:47:56] security.DEBUG: Read existing security token from the session. {"key":"_security_main"} []
[2017-11-08 11:47:56] security.DEBUG: User was reloaded from a user provider. {"username":"martacoeesi@gmail.com","provider":"PrestaShopBundle\\Security\\Admin\\EmployeeProvider"} []
[2017-11-08 11:48:01] app.ERROR: Data from PrestaShop Addons is invalid, and cannot fallback on cache.  {"exception":"cURL error 28: Operation timed out after 0 milliseconds with 0 out of 0 bytes received"} []
[2017-11-08 11:48:01] security.DEBUG: Stored the security token in the session. {"key":"_security_main"} []
